Start testing: Oct 24 17:56 CEST
----------------------------------------------------------
Unable to find executable: test_app
1/1 Testing: test
1/1 Test: test
Command: ""
Directory: /home/wall-e/CLionProjects/assignment2/build/test
"test" start time: 
Output:
----------------------------------------------------------
<end of output>
Test time =   0.00 sec
----------------------------------------------------------
Test Passed.
"test" end time: Oct 24 17:56 CEST
"test" time elapsed: 00:00:00
----------------------------------------------------------

End testing: Oct 24 17:56 CEST
